StericGrid of dim 3 has 11532 cells:
     [ -7.5 7.5 ] / 62 = 0.241935
     [ -7.5 7.5 ] / 62 = 0.241935
     [ -0.36 0.36 ] / 3 = 0.24
StericGrid of dim 3 has 11532 cells:
     [ -7.5 7.5 ] / 62 = 0.241935
     [ -7.5 7.5 ] / 62 = 0.241935
     [ -0.36 0.36 ] / 3 = 0.24
StericGrid of dim 3 has 11532 cells:
     [ -7.5 7.5 ] / 62 = 0.241935
     [ -7.5 7.5 ] / 62 = 0.241935
     [ -0.36 0.36 ] / 3 = 0.24
StericGrid of dim 3 has 11532 cells:
     [ -7.5 7.5 ] / 62 = 0.241935
     [ -7.5 7.5 ] / 62 = 0.241935
     [ -0.36 0.36 ] / 3 = 0.24
StericGrid of dim 3 has 11532 cells:
     [ -7.5 7.5 ] / 62 = 0.241935
     [ -7.5 7.5 ] / 62 = 0.241935
     [ -0.36 0.36 ] / 3 = 0.24
StericGrid of dim 3 has 11532 cells:
     [ -7.5 7.5 ] / 62 = 0.241935
     [ -7.5 7.5 ] / 62 = 0.241935
     [ -0.36 0.36 ] / 3 = 0.24
StericGrid of dim 3 has 11532 cells:
     [ -7.5 7.5 ] / 62 = 0.241935
     [ -7.5 7.5 ] / 62 = 0.241935
     [ -0.36 0.36 ] / 3 = 0.24
StericGrid of dim 3 has 11532 cells:
     [ -7.5 7.5 ] / 62 = 0.241935
     [ -7.5 7.5 ] / 62 = 0.241935
     [ -0.36 0.36 ] / 3 = 0.24
StericGrid of dim 3 has 11532 cells:
     [ -7.5 7.5 ] / 62 = 0.241935
     [ -7.5 7.5 ] / 62 = 0.241935
     [ -0.36 0.36 ] / 3 = 0.24
StericGrid of dim 3 has 11532 cells:
     [ -7.5 7.5 ] / 62 = 0.241935
     [ -7.5 7.5 ] / 62 = 0.241935
     [ -0.36 0.36 ] / 3 = 0.24
StericGrid of dim 3 has 11532 cells:
     [ -7.5 7.5 ] / 62 = 0.241935
     [ -7.5 7.5 ] / 62 = 0.241935
     [ -0.36 0.36 ] / 3 = 0.24
StericGrid of dim 3 has 11532 cells:
     [ -7.5 7.5 ] / 62 = 0.241935
     [ -7.5 7.5 ] / 62 = 0.241935
     [ -0.36 0.36 ] / 3 = 0.24
StericGrid of dim 3 has 11532 cells:
     [ -7.5 7.5 ] / 62 = 0.241935
     [ -7.5 7.5 ] / 62 = 0.241935
     [ -0.36 0.36 ] / 3 = 0.24
StericGrid of dim 3 has 11532 cells:
     [ -7.5 7.5 ] / 62 = 0.241935
     [ -7.5 7.5 ] / 62 = 0.241935
     [ -0.36 0.36 ] / 3 = 0.24
StericGrid of dim 3 has 11532 cells:
     [ -7.5 7.5 ] / 62 = 0.241935
     [ -7.5 7.5 ] / 62 = 0.241935
     [ -0.36 0.36 ] / 3 = 0.24
StericGrid of dim 3 has 11532 cells:
     [ -7.5 7.5 ] / 62 = 0.241935
     [ -7.5 7.5 ] / 62 = 0.241935
     [ -0.36 0.36 ] / 3 = 0.24
StericGrid of dim 3 has 11532 cells:
     [ -7.5 7.5 ] / 62 = 0.241935
     [ -7.5 7.5 ] / 62 = 0.241935
     [ -0.36 0.36 ] / 3 = 0.24
StericGrid of dim 3 has 11532 cells:
     [ -7.5 7.5 ] / 62 = 0.241935
     [ -7.5 7.5 ] / 62 = 0.241935
     [ -0.36 0.36 ] / 3 = 0.24
StericGrid of dim 3 has 11532 cells:
     [ -7.5 7.5 ] / 62 = 0.241935
     [ -7.5 7.5 ] / 62 = 0.241935
     [ -0.36 0.36 ] / 3 = 0.24
StericGrid of dim 3 has 11532 cells:
     [ -7.5 7.5 ] / 62 = 0.241935
     [ -7.5 7.5 ] / 62 = 0.241935
     [ -0.36 0.36 ] / 3 = 0.24
StericGrid of dim 3 has 11532 cells:
     [ -7.5 7.5 ] / 62 = 0.241935
     [ -7.5 7.5 ] / 62 = 0.241935
     [ -0.36 0.36 ] / 3 = 0.24
StericGrid of dim 3 has 11532 cells:
     [ -7.5 7.5 ] / 62 = 0.241935
     [ -7.5 7.5 ] / 62 = 0.241935
     [ -0.36 0.36 ] / 3 = 0.24
StericGrid of dim 3 has 11532 cells:
     [ -7.5 7.5 ] / 62 = 0.241935
     [ -7.5 7.5 ] / 62 = 0.241935
     [ -0.36 0.36 ] / 3 = 0.24
StericGrid of dim 3 has 11532 cells:
     [ -7.5 7.5 ] / 62 = 0.241935
     [ -7.5 7.5 ] / 62 = 0.241935
     [ -0.36 0.36 ] / 3 = 0.24
StericGrid of dim 3 has 11532 cells:
     [ -7.5 7.5 ] / 62 = 0.241935
     [ -7.5 7.5 ] / 62 = 0.241935
     [ -0.36 0.36 ] / 3 = 0.24
StericGrid of dim 3 has 11532 cells:
     [ -7.5 7.5 ] / 62 = 0.241935
     [ -7.5 7.5 ] / 62 = 0.241935
     [ -0.36 0.36 ] / 3 = 0.24
StericGrid of dim 3 has 11532 cells:
     [ -7.5 7.5 ] / 62 = 0.241935
     [ -7.5 7.5 ] / 62 = 0.241935
     [ -0.36 0.36 ] / 3 = 0.24
StericGrid of dim 3 has 11532 cells:
     [ -7.5 7.5 ] / 62 = 0.241935
     [ -7.5 7.5 ] / 62 = 0.241935
     [ -0.36 0.36 ] / 3 = 0.24
StericGrid of dim 3 has 11532 cells:
     [ -7.5 7.5 ] / 62 = 0.241935
     [ -7.5 7.5 ] / 62 = 0.241935
     [ -0.36 0.36 ] / 3 = 0.24
StericGrid of dim 3 has 11532 cells:
     [ -7.5 7.5 ] / 62 = 0.241935
     [ -7.5 7.5 ] / 62 = 0.241935
     [ -0.36 0.36 ] / 3 = 0.24
StericGrid of dim 3 has 11532 cells:
     [ -7.5 7.5 ] / 62 = 0.241935
     [ -7.5 7.5 ] / 62 = 0.241935
     [ -0.36 0.36 ] / 3 = 0.24
StericGrid of dim 3 has 11532 cells:
     [ -7.5 7.5 ] / 62 = 0.241935
     [ -7.5 7.5 ] / 62 = 0.241935
     [ -0.36 0.36 ] / 3 = 0.24
StericGrid of dim 3 has 11532 cells:
     [ -7.5 7.5 ] / 62 = 0.241935
     [ -7.5 7.5 ] / 62 = 0.241935
     [ -0.36 0.36 ] / 3 = 0.24
StericGrid of dim 3 has 11532 cells:
     [ -7.5 7.5 ] / 62 = 0.241935
     [ -7.5 7.5 ] / 62 = 0.241935
     [ -0.36 0.36 ] / 3 = 0.24
StericGrid of dim 3 has 11532 cells:
     [ -7.5 7.5 ] / 62 = 0.241935
     [ -7.5 7.5 ] / 62 = 0.241935
     [ -0.36 0.36 ] / 3 = 0.24
StericGrid of dim 3 has 11532 cells:
     [ -7.5 7.5 ] / 62 = 0.241935
     [ -7.5 7.5 ] / 62 = 0.241935
     [ -0.36 0.36 ] / 3 = 0.24
StericGrid of dim 3 has 11532 cells:
     [ -7.5 7.5 ] / 62 = 0.241935
     [ -7.5 7.5 ] / 62 = 0.241935
     [ -0.36 0.36 ] / 3 = 0.24
StericGrid of dim 3 has 11532 cells:
     [ -7.5 7.5 ] / 62 = 0.241935
     [ -7.5 7.5 ] / 62 = 0.241935
     [ -0.36 0.36 ] / 3 = 0.24
StericGrid of dim 3 has 11532 cells:
     [ -7.5 7.5 ] / 62 = 0.241935
     [ -7.5 7.5 ] / 62 = 0.241935
     [ -0.36 0.36 ] / 3 = 0.24
StericGrid of dim 3 has 11532 cells:
     [ -7.5 7.5 ] / 62 = 0.241935
     [ -7.5 7.5 ] / 62 = 0.241935
     [ -0.36 0.36 ] / 3 = 0.24
StericGrid of dim 3 has 11532 cells:
     [ -7.5 7.5 ] / 62 = 0.241935
     [ -7.5 7.5 ] / 62 = 0.241935
     [ -0.36 0.36 ] / 3 = 0.24
StericGrid of dim 3 has 11532 cells:
     [ -7.5 7.5 ] / 62 = 0.241935
     [ -7.5 7.5 ] / 62 = 0.241935
     [ -0.36 0.36 ] / 3 = 0.24
StericGrid of dim 3 has 11532 cells:
     [ -7.5 7.5 ] / 62 = 0.241935
     [ -7.5 7.5 ] / 62 = 0.241935
     [ -0.36 0.36 ] / 3 = 0.24
StericGrid of dim 3 has 11532 cells:
     [ -7.5 7.5 ] / 62 = 0.241935
     [ -7.5 7.5 ] / 62 = 0.241935
     [ -0.36 0.36 ] / 3 = 0.24
StericGrid of dim 3 has 11532 cells:
     [ -7.5 7.5 ] / 62 = 0.241935
     [ -7.5 7.5 ] / 62 = 0.241935
     [ -0.36 0.36 ] / 3 = 0.24
